<?xml version="1.0" encoding="UTF-8"?>
<testng-results ignored="0" total="1" passed="1" failed="0" skipped="0">
  <reporter-output>
  </reporter-output>
  <suite started-at="2023-09-23T22:46:32Z" name="Default suite" finished-at="2023-09-23T22:46:34Z" duration-ms="1684">
    <groups>
    </groups>
    <test started-at="2023-09-23T22:46:32Z" name="Default test" finished-at="2023-09-23T22:46:34Z" duration-ms="1684">
      <class name="automation.challengesFinal.API_Auth_Test">
        <test-method signature="basicPreemptiveAuthticantion()[pri:0, instance:automation.challengesFinal.API_Auth_Test@7e5c856f]" started-at="2023-09-23T22:46:32Z" name="basicPreemptiveAuthticantion" finished-at="2023-09-23T22:46:34Z" duration-ms="1662" status="PASS">
          <reporter-output>
          </reporter-output>
        </test-method> <!-- basicPreemptiveAuthticantion -->
      </class> <!-- automation.challengesFinal.API_Auth_Test -->
    </test> <!-- Default test -->
  </suite> <!-- Default suite -->
</testng-results>
