<?xml version="1.0" encoding="UTF-8"?>
<testng-results ignored="0" total="1" passed="1" failed="0" skipped="0">
  <reporter-output>
  </reporter-output>
  <suite started-at="2023-08-27T17:44:42Z" name="Default suite" finished-at="2023-08-27T17:44:42Z" duration-ms="138">
    <groups>
    </groups>
    <test started-at="2023-08-27T17:44:42Z" name="Default test" finished-at="2023-08-27T17:44:42Z" duration-ms="138">
      <class name="JavaCodingFinal.SortDataFromArrayList">
        <test-method signature="getSortedData()[pri:0, instance:JavaCodingFinal.SortDataFromArrayList@7d446ed1]" started-at="2023-08-27T17:44:42Z" name="getSortedData" finished-at="2023-08-27T17:44:42Z" duration-ms="43" status="PASS">
          <reporter-output>
          </reporter-output>
        </test-method> <!-- getSortedData -->
      </class> <!-- JavaCodingFinal.SortDataFromArrayList -->
    </test> <!-- Default test -->
  </suite> <!-- Default suite -->
</testng-results>
